<?xml version="1.0" encoding="UTF-8"?>
<testng-results ignored="4" total="5" passed="1" failed="0" skipped="0">
  <reporter-output>
  </reporter-output>
  <suite started-at="2023-08-23T13:13:07 EDT" name="Suite" finished-at="2023-08-23T13:13:15 EDT" duration-ms="7709">
    <groups>
    </groups>
    <test started-at="2023-08-23T13:13:07 EDT" name="Test" finished-at="2023-08-23T13:13:15 EDT" duration-ms="7709">
      <class name="com.busyqa.base.BaseClass">
        <test-method is-config="true" signature="setUp()[pri:0, instance:com.busyqa.base.BaseClass@45e37a7e]" started-at="2023-08-23T13:13:07 EDT" name="setUp" finished-at="2023-08-23T13:13:07 EDT" duration-ms="11" status="PASS">
          <reporter-output>
          </reporter-output>
        </test-method> <!-- setUp -->
        <test-method is-config="true" signature="superTearDown()[pri:0, instance:com.busyqa.base.BaseClass@45e37a7e]" started-at="2023-08-23T13:13:15 EDT" name="superTearDown" finished-at="2023-08-23T13:13:15 EDT" duration-ms="0" status="PASS">
          <reporter-output>
          </reporter-output>
        </test-method> <!-- superTearDown -->
      </class> <!-- com.busyqa.base.BaseClass -->
      <class name="com.busyqa.tests.EcommTest">
        <test-method is-config="true" signature="setUp()[pri:0, instance:com.busyqa.tests.EcommTest@62452cc9]" started-at="2023-08-23T13:13:07 EDT" name="setUp" finished-at="2023-08-23T13:13:08 EDT" duration-ms="563" status="PASS">
          <reporter-output>
          </reporter-output>
        </test-method> <!-- setUp -->
        <test-method is-config="true" signature="init()[pri:0, instance:com.busyqa.tests.EcommTest@62452cc9]" started-at="2023-08-23T13:13:08 EDT" name="init" finished-at="2023-08-23T13:13:11 EDT" duration-ms="3252" status="PASS">
          <reporter-output>
          </reporter-output>
        </test-method> <!-- init -->
        <test-method signature="titleTest()[pri:0, instance:com.busyqa.tests.EcommTest@62452cc9]" started-at="2023-08-23T13:13:11 EDT" name="titleTest" finished-at="2023-08-23T13:13:14 EDT" duration-ms="2730" status="PASS">
          <reporter-output>
          </reporter-output>
        </test-method> <!-- titleTest -->
        <test-method is-config="true" signature="quit()[pri:0, instance:com.busyqa.tests.EcommTest@62452cc9]" started-at="2023-08-23T13:13:14 EDT" name="quit" finished-at="2023-08-23T13:13:15 EDT" duration-ms="948" status="PASS">
          <reporter-output>
          </reporter-output>
        </test-method> <!-- quit -->
        <test-method is-config="true" signature="tearDown()[pri:0, instance:com.busyqa.tests.EcommTest@62452cc9]" started-at="2023-08-23T13:13:15 EDT" name="tearDown" finished-at="2023-08-23T13:13:15 EDT" duration-ms="191" status="PASS">
          <reporter-output>
          </reporter-output>
        </test-method> <!-- tearDown -->
      </class> <!-- com.busyqa.tests.EcommTest -->
    </test> <!-- Test -->
  </suite> <!-- Suite -->
</testng-results>
