<?xml version="1.0" encoding="UTF-8"?>
<!-- Generated by org.testng.reporters.JUnitXMLReporter -->
<testsuite ignored="4" hostname="GirishPC" failures="0" tests="1" name="Test" time="7.709" errors="0" timestamp="2023-08-23T13:13:15 EDT">
  <testcase classname="com.busyqa.tests.EcommTest" name="titleTest" time="2.73"/>
  <testcase classname="com.busyqa.tests.EcommTest" name="registrtationTest_bkp" time="0.0">
    <ignored/>
  </testcase> <!-- registrtationTest_bkp -->
  <testcase classname="com.busyqa.tests.EcommTest" name="loginTest" time="0.0">
    <ignored/>
  </testcase> <!-- loginTest -->
  <testcase classname="com.busyqa.tests.EcommTest" name="registrtationTest" time="0.0">
    <ignored/>
  </testcase> <!-- registrtationTest -->
  <testcase classname="com.busyqa.base.BaseClass" name="@AfterSuite superTearDown" time="0.0">
    <ignored/>
  </testcase> <!-- @AfterSuite superTearDown -->
</testsuite> <!-- Test -->
